{"C:\\Users\\shrey\\OneDrive\\Desktop\\Full Stack Project\\task-manager\\backend\\src\\controllers\\authController.js": {"path":"C:\\Users\\shrey\\OneDrive\\Desktop\\Full Stack Project\\task-manager\\backend\\src\\controllers\\authController.js","statementMap":{"0":{"start":{"line":5,"column":19},"end":{"line":5,"column":24}},"1":{"start":{"line":8,"column":24},"end":{"line":17,"column":1}},"2":{"start":{"line":9,"column":2},"end":{"line":16,"column":3}},"3":{"start":{"line":10,"column":38},"end":{"line":10,"column":46}},"4":{"start":{"line":11,"column":27},"end":{"line":11,"column":58}},"5":{"start":{"line":12,"column":17},"end":{"line":12,"column":77}},"6":{"start":{"line":13,"column":4},"end":{"line":13,"column":78}},"7":{"start":{"line":15,"column":4},"end":{"line":15,"column":53}},"8":{"start":{"line":20,"column":21},"end":{"line":34,"column":1}},"9":{"start":{"line":21,"column":2},"end":{"line":33,"column":3}},"10":{"start":{"line":22,"column":32},"end":{"line":22,"column":40}},"11":{"start":{"line":23,"column":17},"end":{"line":23,"column":57}},"12":{"start":{"line":24,"column":4},"end":{"line":24,"column":74}},"13":{"start":{"line":24,"column":15},"end":{"line":24,"column":74}},"14":{"start":{"line":26,"column":20},"end":{"line":26,"column":65}},"15":{"start":{"line":27,"column":4},"end":{"line":27,"column":79}},"16":{"start":{"line":27,"column":18},"end":{"line":27,"column":79}},"17":{"start":{"line":29,"column":18},"end":{"line":29,"column":93}},"18":{"start":{"line":30,"column":4},"end":{"line":30,"column":36}},"19":{"start":{"line":32,"column":4},"end":{"line":32,"column":53}}},"fnMap":{"0":{"name":"(anonymous_0)","decl":{"start":{"line":8,"column":24},"end":{"line":8,"column":25}},"loc":{"start":{"line":8,"column":44},"end":{"line":17,"column":1}},"line":8},"1":{"name":"(anonymous_1)","decl":{"start":{"line":20,"column":21},"end":{"line":20,"column":22}},"loc":{"start":{"line":20,"column":41},"end":{"line":34,"column":1}},"line":20}},"branchMap":{"0":{"loc":{"start":{"line":24,"column":4},"end":{"line":24,"column":74}},"type":"if","locations":[{"start":{"line":24,"column":4},"end":{"line":24,"column":74}},{"start":{},"end":{}}],"line":24},"1":{"loc":{"start":{"line":27,"column":4},"end":{"line":27,"column":79}},"type":"if","locations":[{"start":{"line":27,"column":4},"end":{"line":27,"column":79}},{"start":{},"end":{}}],"line":27}},"s":{"0":0,"1":0,"2":0,"3":0,"4":0,"5":0,"6":0,"7":0,"8":0,"9":0,"10":0,"11":0,"12":0,"13":0,"14":0,"15":0,"16":0,"17":0,"18":0,"19":0},"f":{"0":0,"1":0},"b":{"0":[0,0],"1":[0,0]},"inputSourceMap":null}
,"C:\\Users\\shrey\\OneDrive\\Desktop\\Full Stack Project\\task-manager\\backend\\src\\controllers\\taskController.js": {"path":"C:\\Users\\shrey\\OneDrive\\Desktop\\Full Stack Project\\task-manager\\backend\\src\\controllers\\taskController.js","statementMap":{"0":{"start":{"line":6,"column":26},"end":{"line":15,"column":1}},"1":{"start":{"line":7,"column":2},"end":{"line":14,"column":3}},"2":{"start":{"line":8,"column":18},"end":{"line":8,"column":67}},"3":{"start":{"line":8,"column":51},"end":{"line":8,"column":61}},"4":{"start":{"line":9,"column":21},"end":{"line":9,"column":54}},"5":{"start":{"line":10,"column":17},"end":{"line":10,"column":44}},"6":{"start":{"line":11,"column":4},"end":{"line":11,"column":31}},"7":{"start":{"line":13,"column":4},"end":{"line":13,"column":53}},"8":{"start":{"line":18,"column":24},"end":{"line":25,"column":1}},"9":{"start":{"line":19,"column":2},"end":{"line":24,"column":3}},"10":{"start":{"line":20,"column":18},"end":{"line":20,"column":38}},"11":{"start":{"line":21,"column":4},"end":{"line":21,"column":32}},"12":{"start":{"line":23,"column":4},"end":{"line":23,"column":53}},"13":{"start":{"line":28,"column":27},"end":{"line":36,"column":1}},"14":{"start":{"line":29,"column":2},"end":{"line":35,"column":3}},"15":{"start":{"line":30,"column":17},"end":{"line":30,"column":51}},"16":{"start":{"line":31,"column":4},"end":{"line":31,"column":74}},"17":{"start":{"line":31,"column":15},"end":{"line":31,"column":74}},"18":{"start":{"line":32,"column":4},"end":{"line":32,"column":31}},"19":{"start":{"line":34,"column":4},"end":{"line":34,"column":53}},"20":{"start":{"line":39,"column":26},"end":{"line":55,"column":1}},"21":{"start":{"line":40,"column":2},"end":{"line":54,"column":3}},"22":{"start":{"line":41,"column":17},"end":{"line":41,"column":51}},"23":{"start":{"line":42,"column":4},"end":{"line":42,"column":74}},"24":{"start":{"line":42,"column":15},"end":{"line":42,"column":74}},"25":{"start":{"line":45,"column":4},"end":{"line":47,"column":5}},"26":{"start":{"line":46,"column":6},"end":{"line":46,"column":65}},"27":{"start":{"line":49,"column":18},"end":{"line":49,"column":79}},"28":{"start":{"line":49,"column":51},"end":{"line":49,"column":61}},"29":{"start":{"line":50,"column":4},"end":{"line":50,"column":57}},"30":{"start":{"line":51,"column":4},"end":{"line":51,"column":31}},"31":{"start":{"line":53,"column":4},"end":{"line":53,"column":53}},"32":{"start":{"line":58,"column":26},"end":{"line":73,"column":1}},"33":{"start":{"line":59,"column":2},"end":{"line":72,"column":3}},"34":{"start":{"line":60,"column":17},"end":{"line":60,"column":51}},"35":{"start":{"line":61,"column":4},"end":{"line":61,"column":74}},"36":{"start":{"line":61,"column":15},"end":{"line":61,"column":74}},"37":{"start":{"line":64,"column":4},"end":{"line":66,"column":5}},"38":{"start":{"line":65,"column":6},"end":{"line":65,"column":65}},"39":{"start":{"line":68,"column":4},"end":{"line":68,"column":25}},"40":{"start":{"line":69,"column":4},"end":{"line":69,"column":67}},"41":{"start":{"line":71,"column":4},"end":{"line":71,"column":53}},"42":{"start":{"line":76,"column":23},"end":{"line":115,"column":1}},"43":{"start":{"line":77,"column":2},"end":{"line":114,"column":3}},"44":{"start":{"line":78,"column":100},"end":{"line":78,"column":109}},"45":{"start":{"line":80,"column":24},"end":{"line":80,"column":26}},"46":{"start":{"line":83,"column":4},"end":{"line":83,"column":44}},"47":{"start":{"line":83,"column":16},"end":{"line":83,"column":44}},"48":{"start":{"line":86,"column":4},"end":{"line":86,"column":50}},"49":{"start":{"line":86,"column":18},"end":{"line":86,"column":50}},"50":{"start":{"line":89,"column":4},"end":{"line":89,"column":56}},"51":{"start":{"line":89,"column":20},"end":{"line":89,"column":56}},"52":{"start":{"line":92,"column":4},"end":{"line":94,"column":5}},"53":{"start":{"line":93,"column":6},"end":{"line":93,"column":43}},"54":{"start":{"line":96,"column":19},"end":{"line":96,"column":57}},"55":{"start":{"line":98,"column":18},"end":{"line":104,"column":6}},"56":{"start":{"line":106,"column":4},"end":{"line":111,"column":7}},"57":{"start":{"line":113,"column":4},"end":{"line":113,"column":51}}},"fnMap":{"0":{"name":"(anonymous_0)","decl":{"start":{"line":6,"column":26},"end":{"line":6,"column":27}},"loc":{"start":{"line":6,"column":46},"end":{"line":15,"column":1}},"line":6},"1":{"name":"(anonymous_1)","decl":{"start":{"line":8,"column":44},"end":{"line":8,"column":45}},"loc":{"start":{"line":8,"column":51},"end":{"line":8,"column":61}},"line":8},"2":{"name":"(anonymous_2)","decl":{"start":{"line":18,"column":24},"end":{"line":18,"column":25}},"loc":{"start":{"line":18,"column":44},"end":{"line":25,"column":1}},"line":18},"3":{"name":"(anonymous_3)","decl":{"start":{"line":28,"column":27},"end":{"line":28,"column":28}},"loc":{"start":{"line":28,"column":47},"end":{"line":36,"column":1}},"line":28},"4":{"name":"(anonymous_4)","decl":{"start":{"line":39,"column":26},"end":{"line":39,"column":27}},"loc":{"start":{"line":39,"column":46},"end":{"line":55,"column":1}},"line":39},"5":{"name":"(anonymous_5)","decl":{"start":{"line":49,"column":44},"end":{"line":49,"column":45}},"loc":{"start":{"line":49,"column":51},"end":{"line":49,"column":61}},"line":49},"6":{"name":"(anonymous_6)","decl":{"start":{"line":58,"column":26},"end":{"line":58,"column":27}},"loc":{"start":{"line":58,"column":46},"end":{"line":73,"column":1}},"line":58},"7":{"name":"(anonymous_7)","decl":{"start":{"line":76,"column":23},"end":{"line":76,"column":24}},"loc":{"start":{"line":76,"column":43},"end":{"line":115,"column":1}},"line":76}},"branchMap":{"0":{"loc":{"start":{"line":8,"column":18},"end":{"line":8,"column":67}},"type":"cond-expr","locations":[{"start":{"line":8,"column":30},"end":{"line":8,"column":62}},{"start":{"line":8,"column":65},"end":{"line":8,"column":67}}],"line":8},"1":{"loc":{"start":{"line":31,"column":4},"end":{"line":31,"column":74}},"type":"if","locations":[{"start":{"line":31,"column":4},"end":{"line":31,"column":74}},{"start":{},"end":{}}],"line":31},"2":{"loc":{"start":{"line":42,"column":4},"end":{"line":42,"column":74}},"type":"if","locations":[{"start":{"line":42,"column":4},"end":{"line":42,"column":74}},{"start":{},"end":{}}],"line":42},"3":{"loc":{"start":{"line":45,"column":4},"end":{"line":47,"column":5}},"type":"if","locations":[{"start":{"line":45,"column":4},"end":{"line":47,"column":5}},{"start":{},"end":{}}],"line":45},"4":{"loc":{"start":{"line":45,"column":8},"end":{"line":45,"column":68}},"type":"binary-expr","locations":[{"start":{"line":45,"column":8},"end":{"line":45,"column":33}},{"start":{"line":45,"column":37},"end":{"line":45,"column":68}}],"line":45},"5":{"loc":{"start":{"line":49,"column":18},"end":{"line":49,"column":79}},"type":"cond-expr","locations":[{"start":{"line":49,"column":30},"end":{"line":49,"column":62}},{"start":{"line":49,"column":65},"end":{"line":49,"column":79}}],"line":49},"6":{"loc":{"start":{"line":61,"column":4},"end":{"line":61,"column":74}},"type":"if","locations":[{"start":{"line":61,"column":4},"end":{"line":61,"column":74}},{"start":{},"end":{}}],"line":61},"7":{"loc":{"start":{"line":64,"column":4},"end":{"line":66,"column":5}},"type":"if","locations":[{"start":{"line":64,"column":4},"end":{"line":66,"column":5}},{"start":{},"end":{}}],"line":64},"8":{"loc":{"start":{"line":64,"column":8},"end":{"line":64,"column":68}},"type":"binary-expr","locations":[{"start":{"line":64,"column":8},"end":{"line":64,"column":33}},{"start":{"line":64,"column":37},"end":{"line":64,"column":68}}],"line":64},"9":{"loc":{"start":{"line":78,"column":42},"end":{"line":78,"column":58}},"type":"default-arg","locations":[{"start":{"line":78,"column":49},"end":{"line":78,"column":58}}],"line":78},"10":{"loc":{"start":{"line":78,"column":60},"end":{"line":78,"column":73}},"type":"default-arg","locations":[{"start":{"line":78,"column":68},"end":{"line":78,"column":73}}],"line":78},"11":{"loc":{"start":{"line":78,"column":75},"end":{"line":78,"column":83}},"type":"default-arg","locations":[{"start":{"line":78,"column":82},"end":{"line":78,"column":83}}],"line":78},"12":{"loc":{"start":{"line":78,"column":85},"end":{"line":78,"column":95}},"type":"default-arg","locations":[{"start":{"line":78,"column":93},"end":{"line":78,"column":95}}],"line":78},"13":{"loc":{"start":{"line":83,"column":4},"end":{"line":83,"column":44}},"type":"if","locations":[{"start":{"line":83,"column":4},"end":{"line":83,"column":44}},{"start":{},"end":{}}],"line":83},"14":{"loc":{"start":{"line":86,"column":4},"end":{"line":86,"column":50}},"type":"if","locations":[{"start":{"line":86,"column":4},"end":{"line":86,"column":50}},{"start":{},"end":{}}],"line":86},"15":{"loc":{"start":{"line":89,"column":4},"end":{"line":89,"column":56}},"type":"if","locations":[{"start":{"line":89,"column":4},"end":{"line":89,"column":56}},{"start":{},"end":{}}],"line":89},"16":{"loc":{"start":{"line":92,"column":4},"end":{"line":94,"column":5}},"type":"if","locations":[{"start":{"line":92,"column":4},"end":{"line":94,"column":5}},{"start":{},"end":{}}],"line":92}},"s":{"0":0,"1":0,"2":0,"3":0,"4":0,"5":0,"6":0,"7":0,"8":0,"9":0,"10":0,"11":0,"12":0,"13":0,"14":0,"15":0,"16":0,"17":0,"18":0,"19":0,"20":0,"21":0,"22":0,"23":0,"24":0,"25":0,"26":0,"27":0,"28":0,"29":0,"30":0,"31":0,"32":0,"33":0,"34":0,"35":0,"36":0,"37":0,"38":0,"39":0,"40":0,"41":0,"42":0,"43":0,"44":0,"45":0,"46":0,"47":0,"48":0,"49":0,"50":0,"51":0,"52":0,"53":0,"54":0,"55":0,"56":0,"57":0},"f":{"0":0,"1":0,"2":0,"3":0,"4":0,"5":0,"6":0,"7":0},"b":{"0":[0,0],"1":[0,0],"2":[0,0],"3":[0,0],"4":[0,0],"5":[0,0],"6":[0,0],"7":[0,0],"8":[0,0],"9":[0],"10":[0],"11":[0],"12":[0],"13":[0,0],"14":[0,0],"15":[0,0],"16":[0,0]},"inputSourceMap":null}
,"C:\\Users\\shrey\\OneDrive\\Desktop\\Full Stack Project\\task-manager\\backend\\src\\controllers\\usersController.js": {"path":"C:\\Users\\shrey\\OneDrive\\Desktop\\Full Stack Project\\task-manager\\backend\\src\\controllers\\usersController.js","statementMap":{"0":{"start":{"line":5,"column":26},"end":{"line":21,"column":1}},"1":{"start":{"line":6,"column":2},"end":{"line":20,"column":3}},"2":{"start":{"line":7,"column":53},"end":{"line":7,"column":61}},"3":{"start":{"line":8,"column":4},"end":{"line":8,"column":116}},"4":{"start":{"line":8,"column":38},"end":{"line":8,"column":116}},"5":{"start":{"line":10,"column":21},"end":{"line":10,"column":61}},"6":{"start":{"line":11,"column":4},"end":{"line":11,"column":83}},"7":{"start":{"line":11,"column":18},"end":{"line":11,"column":83}},"8":{"start":{"line":13,"column":19},"end":{"line":13,"column":50}},"9":{"start":{"line":14,"column":17},"end":{"line":14,"column":75}},"10":{"start":{"line":16,"column":4},"end":{"line":16,"column":30}},"11":{"start":{"line":17,"column":4},"end":{"line":17,"column":31}},"12":{"start":{"line":19,"column":4},"end":{"line":19,"column":51}},"13":{"start":{"line":24,"column":25},"end":{"line":50,"column":1}},"14":{"start":{"line":25,"column":2},"end":{"line":49,"column":3}},"15":{"start":{"line":26,"column":78},"end":{"line":26,"column":87}},"16":{"start":{"line":27,"column":18},"end":{"line":27,"column":20}},"17":{"start":{"line":28,"column":4},"end":{"line":28,"column":32}},"18":{"start":{"line":28,"column":14},"end":{"line":28,"column":32}},"19":{"start":{"line":29,"column":4},"end":{"line":29,"column":35}},"20":{"start":{"line":29,"column":15},"end":{"line":29,"column":35}},"21":{"start":{"line":31,"column":19},"end":{"line":31,"column":57}},"22":{"start":{"line":33,"column":19},"end":{"line":39,"column":6}},"23":{"start":{"line":41,"column":4},"end":{"line":46,"column":7}},"24":{"start":{"line":48,"column":4},"end":{"line":48,"column":51}},"25":{"start":{"line":53,"column":27},"end":{"line":66,"column":1}},"26":{"start":{"line":54,"column":2},"end":{"line":65,"column":3}},"27":{"start":{"line":55,"column":15},"end":{"line":55,"column":38}},"28":{"start":{"line":57,"column":4},"end":{"line":59,"column":5}},"29":{"start":{"line":58,"column":6},"end":{"line":58,"column":65}},"30":{"start":{"line":60,"column":17},"end":{"line":60,"column":83}},"31":{"start":{"line":61,"column":4},"end":{"line":61,"column":74}},"32":{"start":{"line":61,"column":15},"end":{"line":61,"column":74}},"33":{"start":{"line":62,"column":4},"end":{"line":62,"column":19}},"34":{"start":{"line":64,"column":4},"end":{"line":64,"column":51}},"35":{"start":{"line":70,"column":26},"end":{"line":99,"column":1}},"36":{"start":{"line":71,"column":2},"end":{"line":98,"column":3}},"37":{"start":{"line":72,"column":15},"end":{"line":72,"column":38}},"38":{"start":{"line":73,"column":4},"end":{"line":75,"column":5}},"39":{"start":{"line":74,"column":6},"end":{"line":74,"column":65}},"40":{"start":{"line":76,"column":17},"end":{"line":76,"column":40}},"41":{"start":{"line":77,"column":4},"end":{"line":77,"column":74}},"42":{"start":{"line":77,"column":15},"end":{"line":77,"column":74}},"43":{"start":{"line":79,"column":44},"end":{"line":79,"column":52}},"44":{"start":{"line":81,"column":4},"end":{"line":84,"column":5}},"45":{"start":{"line":82,"column":23},"end":{"line":82,"column":63}},"46":{"start":{"line":83,"column":6},"end":{"line":83,"column":85}},"47":{"start":{"line":83,"column":20},"end":{"line":83,"column":85}},"48":{"start":{"line":86,"column":20},"end":{"line":86,"column":22}},"49":{"start":{"line":87,"column":4},"end":{"line":87,"column":34}},"50":{"start":{"line":87,"column":14},"end":{"line":87,"column":34}},"51":{"start":{"line":88,"column":4},"end":{"line":88,"column":37}},"52":{"start":{"line":88,"column":15},"end":{"line":88,"column":37}},"53":{"start":{"line":89,"column":4},"end":{"line":89,"column":86}},"54":{"start":{"line":89,"column":66},"end":{"line":89,"column":86}},"55":{"start":{"line":90,"column":4},"end":{"line":90,"column":69}},"56":{"start":{"line":90,"column":18},"end":{"line":90,"column":69}},"57":{"start":{"line":92,"column":4},"end":{"line":92,"column":31}},"58":{"start":{"line":93,"column":17},"end":{"line":93,"column":30}},"59":{"start":{"line":94,"column":4},"end":{"line":94,"column":25}},"60":{"start":{"line":95,"column":4},"end":{"line":95,"column":19}},"61":{"start":{"line":97,"column":4},"end":{"line":97,"column":51}},"62":{"start":{"line":102,"column":26},"end":{"line":115,"column":1}},"63":{"start":{"line":103,"column":2},"end":{"line":114,"column":3}},"64":{"start":{"line":104,"column":4},"end":{"line":104,"column":91}},"65":{"start":{"line":104,"column":35},"end":{"line":104,"column":91}},"66":{"start":{"line":106,"column":15},"end":{"line":106,"column":38}},"67":{"start":{"line":107,"column":17},"end":{"line":107,"column":40}},"68":{"start":{"line":108,"column":4},"end":{"line":108,"column":74}},"69":{"start":{"line":108,"column":15},"end":{"line":108,"column":74}},"70":{"start":{"line":110,"column":4},"end":{"line":110,"column":25}},"71":{"start":{"line":111,"column":4},"end":{"line":111,"column":42}},"72":{"start":{"line":113,"column":4},"end":{"line":113,"column":51}}},"fnMap":{"0":{"name":"(anonymous_0)","decl":{"start":{"line":5,"column":26},"end":{"line":5,"column":27}},"loc":{"start":{"line":5,"column":46},"end":{"line":21,"column":1}},"line":5},"1":{"name":"(anonymous_1)","decl":{"start":{"line":24,"column":25},"end":{"line":24,"column":26}},"loc":{"start":{"line":24,"column":45},"end":{"line":50,"column":1}},"line":24},"2":{"name":"(anonymous_2)","decl":{"start":{"line":53,"column":27},"end":{"line":53,"column":28}},"loc":{"start":{"line":53,"column":47},"end":{"line":66,"column":1}},"line":53},"3":{"name":"(anonymous_3)","decl":{"start":{"line":70,"column":26},"end":{"line":70,"column":27}},"loc":{"start":{"line":70,"column":46},"end":{"line":99,"column":1}},"line":70},"4":{"name":"(anonymous_4)","decl":{"start":{"line":102,"column":26},"end":{"line":102,"column":27}},"loc":{"start":{"line":102,"column":46},"end":{"line":115,"column":1}},"line":102}},"branchMap":{"0":{"loc":{"start":{"line":7,"column":35},"end":{"line":7,"column":48}},"type":"default-arg","locations":[{"start":{"line":7,"column":42},"end":{"line":7,"column":48}}],"line":7},"1":{"loc":{"start":{"line":8,"column":4},"end":{"line":8,"column":116}},"type":"if","locations":[{"start":{"line":8,"column":4},"end":{"line":8,"column":116}},{"start":{},"end":{}}],"line":8},"2":{"loc":{"start":{"line":8,"column":8},"end":{"line":8,"column":36}},"type":"binary-expr","locations":[{"start":{"line":8,"column":8},"end":{"line":8,"column":14}},{"start":{"line":8,"column":18},"end":{"line":8,"column":27}},{"start":{"line":8,"column":31},"end":{"line":8,"column":36}}],"line":8},"3":{"loc":{"start":{"line":11,"column":4},"end":{"line":11,"column":83}},"type":"if","locations":[{"start":{"line":11,"column":4},"end":{"line":11,"column":83}},{"start":{},"end":{}}],"line":11},"4":{"loc":{"start":{"line":26,"column":25},"end":{"line":26,"column":36}},"type":"default-arg","locations":[{"start":{"line":26,"column":32},"end":{"line":26,"column":36}}],"line":26},"5":{"loc":{"start":{"line":26,"column":38},"end":{"line":26,"column":51}},"type":"default-arg","locations":[{"start":{"line":26,"column":46},"end":{"line":26,"column":51}}],"line":26},"6":{"loc":{"start":{"line":26,"column":53},"end":{"line":26,"column":61}},"type":"default-arg","locations":[{"start":{"line":26,"column":60},"end":{"line":26,"column":61}}],"line":26},"7":{"loc":{"start":{"line":26,"column":63},"end":{"line":26,"column":73}},"type":"default-arg","locations":[{"start":{"line":26,"column":71},"end":{"line":26,"column":73}}],"line":26},"8":{"loc":{"start":{"line":28,"column":4},"end":{"line":28,"column":32}},"type":"if","locations":[{"start":{"line":28,"column":4},"end":{"line":28,"column":32}},{"start":{},"end":{}}],"line":28},"9":{"loc":{"start":{"line":29,"column":4},"end":{"line":29,"column":35}},"type":"if","locations":[{"start":{"line":29,"column":4},"end":{"line":29,"column":35}},{"start":{},"end":{}}],"line":29},"10":{"loc":{"start":{"line":57,"column":4},"end":{"line":59,"column":5}},"type":"if","locations":[{"start":{"line":57,"column":4},"end":{"line":59,"column":5}},{"start":{},"end":{}}],"line":57},"11":{"loc":{"start":{"line":57,"column":8},"end":{"line":57,"column":55}},"type":"binary-expr","locations":[{"start":{"line":57,"column":8},"end":{"line":57,"column":33}},{"start":{"line":57,"column":37},"end":{"line":57,"column":55}}],"line":57},"12":{"loc":{"start":{"line":61,"column":4},"end":{"line":61,"column":74}},"type":"if","locations":[{"start":{"line":61,"column":4},"end":{"line":61,"column":74}},{"start":{},"end":{}}],"line":61},"13":{"loc":{"start":{"line":73,"column":4},"end":{"line":75,"column":5}},"type":"if","locations":[{"start":{"line":73,"column":4},"end":{"line":75,"column":5}},{"start":{},"end":{}}],"line":73},"14":{"loc":{"start":{"line":73,"column":8},"end":{"line":73,"column":55}},"type":"binary-expr","locations":[{"start":{"line":73,"column":8},"end":{"line":73,"column":33}},{"start":{"line":73,"column":37},"end":{"line":73,"column":55}}],"line":73},"15":{"loc":{"start":{"line":77,"column":4},"end":{"line":77,"column":74}},"type":"if","locations":[{"start":{"line":77,"column":4},"end":{"line":77,"column":74}},{"start":{},"end":{}}],"line":77},"16":{"loc":{"start":{"line":81,"column":4},"end":{"line":84,"column":5}},"type":"if","locations":[{"start":{"line":81,"column":4},"end":{"line":84,"column":5}},{"start":{},"end":{}}],"line":81},"17":{"loc":{"start":{"line":81,"column":8},"end":{"line":81,"column":37}},"type":"binary-expr","locations":[{"start":{"line":81,"column":8},"end":{"line":81,"column":13}},{"start":{"line":81,"column":17},"end":{"line":81,"column":37}}],"line":81},"18":{"loc":{"start":{"line":83,"column":6},"end":{"line":83,"column":85}},"type":"if","locations":[{"start":{"line":83,"column":6},"end":{"line":83,"column":85}},{"start":{},"end":{}}],"line":83},"19":{"loc":{"start":{"line":87,"column":4},"end":{"line":87,"column":34}},"type":"if","locations":[{"start":{"line":87,"column":4},"end":{"line":87,"column":34}},{"start":{},"end":{}}],"line":87},"20":{"loc":{"start":{"line":88,"column":4},"end":{"line":88,"column":37}},"type":"if","locations":[{"start":{"line":88,"column":4},"end":{"line":88,"column":37}},{"start":{},"end":{}}],"line":88},"21":{"loc":{"start":{"line":89,"column":4},"end":{"line":89,"column":86}},"type":"if","locations":[{"start":{"line":89,"column":4},"end":{"line":89,"column":86}},{"start":{},"end":{}}],"line":89},"22":{"loc":{"start":{"line":89,"column":8},"end":{"line":89,"column":64}},"type":"binary-expr","locations":[{"start":{"line":89,"column":8},"end":{"line":89,"column":35}},{"start":{"line":89,"column":39},"end":{"line":89,"column":64}}],"line":89},"23":{"loc":{"start":{"line":90,"column":4},"end":{"line":90,"column":69}},"type":"if","locations":[{"start":{"line":90,"column":4},"end":{"line":90,"column":69}},{"start":{},"end":{}}],"line":90},"24":{"loc":{"start":{"line":104,"column":4},"end":{"line":104,"column":91}},"type":"if","locations":[{"start":{"line":104,"column":4},"end":{"line":104,"column":91}},{"start":{},"end":{}}],"line":104},"25":{"loc":{"start":{"line":108,"column":4},"end":{"line":108,"column":74}},"type":"if","locations":[{"start":{"line":108,"column":4},"end":{"line":108,"column":74}},{"start":{},"end":{}}],"line":108}},"s":{"0":0,"1":0,"2":0,"3":0,"4":0,"5":0,"6":0,"7":0,"8":0,"9":0,"10":0,"11":0,"12":0,"13":0,"14":0,"15":0,"16":0,"17":0,"18":0,"19":0,"20":0,"21":0,"22":0,"23":0,"24":0,"25":0,"26":0,"27":0,"28":0,"29":0,"30":0,"31":0,"32":0,"33":0,"34":0,"35":0,"36":0,"37":0,"38":0,"39":0,"40":0,"41":0,"42":0,"43":0,"44":0,"45":0,"46":0,"47":0,"48":0,"49":0,"50":0,"51":0,"52":0,"53":0,"54":0,"55":0,"56":0,"57":0,"58":0,"59":0,"60":0,"61":0,"62":0,"63":0,"64":0,"65":0,"66":0,"67":0,"68":0,"69":0,"70":0,"71":0,"72":0},"f":{"0":0,"1":0,"2":0,"3":0,"4":0},"b":{"0":[0],"1":[0,0],"2":[0,0,0],"3":[0,0],"4":[0],"5":[0],"6":[0],"7":[0],"8":[0,0],"9":[0,0],"10":[0,0],"11":[0,0],"12":[0,0],"13":[0,0],"14":[0,0],"15":[0,0],"16":[0,0],"17":[0,0],"18":[0,0],"19":[0,0],"20":[0,0],"21":[0,0],"22":[0,0],"23":[0,0],"24":[0,0],"25":[0,0]},"inputSourceMap":null}
,"C:\\Users\\shrey\\OneDrive\\Desktop\\Full Stack Project\\task-manager\\backend\\src\\middlewares\\auth.js": {"path":"C:\\Users\\shrey\\OneDrive\\Desktop\\Full Stack Project\\task-manager\\backend\\src\\middlewares\\auth.js","statementMap":{"0":{"start":{"line":2,"column":19},"end":{"line":2,"column":24}},"1":{"start":{"line":4,"column":28},"end":{"line":16,"column":1}},"2":{"start":{"line":5,"column":21},"end":{"line":5,"column":46}},"3":{"start":{"line":6,"column":2},"end":{"line":6,"column":77}},"4":{"start":{"line":6,"column":19},"end":{"line":6,"column":77}},"5":{"start":{"line":8,"column":16},"end":{"line":8,"column":40}},"6":{"start":{"line":9,"column":2},"end":{"line":15,"column":3}},"7":{"start":{"line":10,"column":20},"end":{"line":10,"column":49}},"8":{"start":{"line":11,"column":4},"end":{"line":11,"column":23}},"9":{"start":{"line":12,"column":4},"end":{"line":12,"column":11}},"10":{"start":{"line":14,"column":4},"end":{"line":14,"column":55}},"11":{"start":{"line":19,"column":23},"end":{"line":22,"column":1}},"12":{"start":{"line":20,"column":2},"end":{"line":20,"column":89}},"13":{"start":{"line":20,"column":33},"end":{"line":20,"column":89}},"14":{"start":{"line":21,"column":2},"end":{"line":21,"column":9}}},"fnMap":{"0":{"name":"(anonymous_0)","decl":{"start":{"line":4,"column":28},"end":{"line":4,"column":29}},"loc":{"start":{"line":4,"column":48},"end":{"line":16,"column":1}},"line":4},"1":{"name":"(anonymous_1)","decl":{"start":{"line":19,"column":23},"end":{"line":19,"column":24}},"loc":{"start":{"line":19,"column":43},"end":{"line":22,"column":1}},"line":19}},"branchMap":{"0":{"loc":{"start":{"line":6,"column":2},"end":{"line":6,"column":77}},"type":"if","locations":[{"start":{"line":6,"column":2},"end":{"line":6,"column":77}},{"start":{},"end":{}}],"line":6},"1":{"loc":{"start":{"line":20,"column":2},"end":{"line":20,"column":89}},"type":"if","locations":[{"start":{"line":20,"column":2},"end":{"line":20,"column":89}},{"start":{},"end":{}}],"line":20}},"s":{"0":0,"1":0,"2":0,"3":0,"4":0,"5":0,"6":0,"7":0,"8":0,"9":0,"10":0,"11":0,"12":0,"13":0,"14":0},"f":{"0":0,"1":0},"b":{"0":[0,0],"1":[0,0]},"inputSourceMap":null}
,"C:\\Users\\shrey\\OneDrive\\Desktop\\Full Stack Project\\task-manager\\backend\\src\\models\\Task.js": {"path":"C:\\Users\\shrey\\OneDrive\\Desktop\\Full Stack Project\\task-manager\\backend\\src\\models\\Task.js","statementMap":{"0":{"start":{"line":4,"column":13},"end":{"line":46,"column":2}}},"fnMap":{},"branchMap":{},"s":{"0":0},"f":{},"b":{},"inputSourceMap":null}
,"C:\\Users\\shrey\\OneDrive\\Desktop\\Full Stack Project\\task-manager\\backend\\src\\models\\User.js": {"path":"C:\\Users\\shrey\\OneDrive\\Desktop\\Full Stack Project\\task-manager\\backend\\src\\models\\User.js","statementMap":{"0":{"start":{"line":4,"column":13},"end":{"line":23,"column":2}}},"fnMap":{},"branchMap":{},"s":{"0":0},"f":{},"b":{},"inputSourceMap":null}
,"C:\\Users\\shrey\\OneDrive\\Desktop\\Full Stack Project\\task-manager\\backend\\src\\routes\\authRoutes.js": {"path":"C:\\Users\\shrey\\OneDrive\\Desktop\\Full Stack Project\\task-manager\\backend\\src\\routes\\authRoutes.js","statementMap":{"0":{"start":{"line":4,"column":15},"end":{"line":4,"column":31}},"1":{"start":{"line":6,"column":0},"end":{"line":6,"column":35}},"2":{"start":{"line":7,"column":0},"end":{"line":7,"column":29}}},"fnMap":{},"branchMap":{},"s":{"0":0,"1":0,"2":0},"f":{},"b":{},"inputSourceMap":null}
,"C:\\Users\\shrey\\OneDrive\\Desktop\\Full Stack Project\\task-manager\\backend\\src\\routes\\taskRoutes.js": {"path":"C:\\Users\\shrey\\OneDrive\\Desktop\\Full Stack Project\\task-manager\\backend\\src\\routes\\taskRoutes.js","statementMap":{"0":{"start":{"line":12,"column":15},"end":{"line":12,"column":31}},"1":{"start":{"line":14,"column":0},"end":{"line":14,"column":72}},"2":{"start":{"line":15,"column":0},"end":{"line":15,"column":40}},"3":{"start":{"line":16,"column":0},"end":{"line":16,"column":46}},"4":{"start":{"line":17,"column":0},"end":{"line":17,"column":74}},"5":{"start":{"line":18,"column":0},"end":{"line":18,"column":48}}},"fnMap":{},"branchMap":{},"s":{"0":0,"1":0,"2":0,"3":0,"4":0,"5":0},"f":{},"b":{},"inputSourceMap":null}
,"C:\\Users\\shrey\\OneDrive\\Desktop\\Full Stack Project\\task-manager\\backend\\src\\routes\\usersRoutes.js": {"path":"C:\\Users\\shrey\\OneDrive\\Desktop\\Full Stack Project\\task-manager\\backend\\src\\routes\\usersRoutes.js","statementMap":{"0":{"start":{"line":11,"column":15},"end":{"line":11,"column":31}},"1":{"start":{"line":15,"column":0},"end":{"line":15,"column":52}},"2":{"start":{"line":16,"column":0},"end":{"line":16,"column":50}},"3":{"start":{"line":17,"column":0},"end":{"line":17,"column":46}},"4":{"start":{"line":18,"column":0},"end":{"line":18,"column":45}},"5":{"start":{"line":19,"column":0},"end":{"line":19,"column":57}}},"fnMap":{},"branchMap":{},"s":{"0":0,"1":0,"2":0,"3":0,"4":0,"5":0},"f":{},"b":{},"inputSourceMap":null}
}
