TN:
SF:src/controllers/authController.js
FN:8,(anonymous_0)
FN:20,(anonymous_1)
FNF:2
FNH:2
FNDA:10,(anonymous_0)
FNDA:9,(anonymous_1)
DA:5,4
DA:8,4
DA:9,10
DA:10,10
DA:11,10
DA:12,10
DA:13,9
DA:15,1
DA:20,4
DA:21,9
DA:22,9
DA:23,9
DA:24,9
DA:26,8
DA:27,8
DA:29,7
DA:30,7
DA:32,0
LF:18
LH:17
BRDA:24,0,0,1
BRDA:24,0,1,8
BRDA:27,1,0,1
BRDA:27,1,1,7
BRF:4
BRH:4
end_of_record
TN:
SF:src/controllers/taskController.js
FN:6,(anonymous_0)
FN:8,(anonymous_1)
FN:18,(anonymous_2)
FN:28,(anonymous_3)
FN:39,(anonymous_4)
FN:49,(anonymous_5)
FN:58,(anonymous_6)
FN:76,(anonymous_7)
FNF:8
FNH:6
FNDA:7,(anonymous_0)
FNDA:0,(anonymous_1)
FNDA:1,(anonymous_2)
FNDA:1,(anonymous_3)
FNDA:3,(anonymous_4)
FNDA:0,(anonymous_5)
FNDA:4,(anonymous_6)
FNDA:2,(anonymous_7)
DA:6,4
DA:7,7
DA:8,7
DA:9,7
DA:10,7
DA:11,7
DA:13,0
DA:18,4
DA:19,1
DA:20,1
DA:21,1
DA:23,0
DA:28,4
DA:29,1
DA:30,1
DA:31,1
DA:32,0
DA:34,0
DA:39,4
DA:40,3
DA:41,3
DA:42,3
DA:45,2
DA:46,1
DA:49,1
DA:50,1
DA:51,1
DA:53,0
DA:58,4
DA:59,4
DA:60,4
DA:61,4
DA:64,3
DA:65,1
DA:68,2
DA:69,2
DA:71,0
DA:76,4
DA:77,2
DA:78,2
DA:80,2
DA:83,2
DA:86,2
DA:89,2
DA:92,2
DA:93,1
DA:96,2
DA:98,2
DA:107,2
DA:114,0
LF:50
LH:43
BRDA:8,0,0,7
BRDA:8,0,1,0
BRDA:31,1,0,1
BRDA:31,1,1,0
BRDA:42,2,0,1
BRDA:42,2,1,2
BRDA:45,3,0,1
BRDA:45,3,1,1
BRDA:45,4,0,2
BRDA:45,4,1,2
BRDA:49,5,0,1
BRDA:49,5,1,0
BRDA:61,6,0,1
BRDA:61,6,1,3
BRDA:64,7,0,1
BRDA:64,7,1,2
BRDA:64,8,0,3
BRDA:64,8,1,2
BRDA:78,9,0,1
BRDA:78,10,0,1
BRDA:78,11,0,0
BRDA:78,12,0,0
BRDA:83,13,0,2
BRDA:83,13,1,0
BRDA:86,14,0,0
BRDA:86,14,1,2
BRDA:89,15,0,0
BRDA:89,15,1,2
BRDA:92,16,0,1
BRDA:92,16,1,1
BRF:30
BRH:22
end_of_record
TN:
SF:src/controllers/usersController.js
FN:5,(anonymous_0)
FN:24,(anonymous_1)
FN:53,(anonymous_2)
FN:70,(anonymous_3)
FN:102,(anonymous_4)
FNF:5
FNH:5
FNDA:2,(anonymous_0)
FNDA:1,(anonymous_1)
FNDA:3,(anonymous_2)
FNDA:4,(anonymous_3)
FNDA:2,(anonymous_4)
DA:5,4
DA:6,2
DA:7,2
DA:8,2
DA:10,1
DA:11,1
DA:13,1
DA:14,1
DA:16,1
DA:17,1
DA:19,0
DA:24,4
DA:25,1
DA:26,1
DA:27,1
DA:28,1
DA:29,1
DA:31,1
DA:33,1
DA:41,1
DA:48,0
DA:53,4
DA:54,3
DA:55,3
DA:57,3
DA:58,1
DA:60,2
DA:61,2
DA:62,1
DA:64,0
DA:70,4
DA:71,4
DA:72,4
DA:73,4
DA:74,1
DA:76,3
DA:77,3
DA:79,3
DA:81,3
DA:82,2
DA:83,2
DA:86,2
DA:87,2
DA:88,2
DA:89,2
DA:90,2
DA:92,2
DA:93,2
DA:94,2
DA:95,2
DA:97,0
DA:102,4
DA:103,2
DA:104,2
DA:106,2
DA:107,2
DA:108,2
DA:110,1
DA:111,1
DA:113,0
LF:60
LH:55
BRDA:7,0,0,1
BRDA:8,1,0,1
BRDA:8,1,1,1
BRDA:8,2,0,2
BRDA:8,2,1,2
BRDA:8,2,2,2
BRDA:11,3,0,0
BRDA:11,3,1,1
BRDA:26,4,0,1
BRDA:26,5,0,1
BRDA:26,6,0,1
BRDA:26,7,0,1
BRDA:28,8,0,0
BRDA:28,8,1,1
BRDA:29,9,0,0
BRDA:29,9,1,1
BRDA:57,10,0,1
BRDA:57,10,1,2
BRDA:57,11,0,3
BRDA:57,11,1,2
BRDA:61,12,0,1
BRDA:61,12,1,1
BRDA:73,13,0,1
BRDA:73,13,1,3
BRDA:73,14,0,4
BRDA:73,14,1,2
BRDA:77,15,0,0
BRDA:77,15,1,3
BRDA:81,16,0,2
BRDA:81,16,1,1
BRDA:81,17,0,3
BRDA:81,17,1,2
BRDA:83,18,0,1
BRDA:83,18,1,1
BRDA:87,19,0,0
BRDA:87,19,1,2
BRDA:88,20,0,1
BRDA:88,20,1,1
BRDA:89,21,0,1
BRDA:89,21,1,1
BRDA:89,22,0,2
BRDA:89,22,1,1
BRDA:90,23,0,0
BRDA:90,23,1,2
BRDA:104,24,0,0
BRDA:104,24,1,2
BRDA:108,25,0,1
BRDA:108,25,1,1
BRF:48
BRH:41
end_of_record
TN:
SF:src/middlewares/auth.js
FN:4,(anonymous_0)
FN:19,(anonymous_1)
FNF:2
FNH:2
FNDA:34,(anonymous_0)
FNDA:9,(anonymous_1)
DA:2,5
DA:4,5
DA:5,34
DA:6,34
DA:8,32
DA:9,32
DA:10,32
DA:11,31
DA:12,31
DA:14,1
DA:19,5
DA:20,9
DA:21,6
LF:13
LH:13
BRDA:6,0,0,2
BRDA:6,0,1,32
BRDA:20,1,0,3
BRDA:20,1,1,6
BRF:4
BRH:4
end_of_record
TN:
SF:src/models/Task.js
FNF:0
FNH:0
DA:4,4
LF:1
LH:1
BRF:0
BRH:0
end_of_record
TN:
SF:src/models/User.js
FNF:0
FNH:0
DA:4,4
LF:1
LH:1
BRF:0
BRH:0
end_of_record
TN:
SF:src/routes/authRoutes.js
FNF:0
FNH:0
DA:4,4
DA:6,4
DA:7,4
LF:3
LH:3
BRF:0
BRH:0
end_of_record
TN:
SF:src/routes/taskRoutes.js
FNF:0
FNH:0
DA:12,4
DA:14,4
DA:15,4
DA:16,4
DA:17,4
DA:18,4
LF:6
LH:6
BRF:0
BRH:0
end_of_record
TN:
SF:src/routes/usersRoutes.js
FNF:0
FNH:0
DA:11,4
DA:15,4
DA:16,4
DA:17,4
DA:18,4
DA:19,4
LF:6
LH:6
BRF:0
BRH:0
end_of_record
