TN:
SF:src/index.js
FN:34,(anonymous_0)
FN:49,(anonymous_1)
FN:63,(anonymous_2)
FNF:3
FNH:0
FNDA:0,(anonymous_0)
FNDA:0,(anonymous_1)
FNDA:0,(anonymous_2)
DA:13,3
DA:14,3
DA:15,3
DA:24,3
DA:27,3
DA:28,3
DA:33,3
DA:34,0
DA:35,0
DA:36,0
DA:37,0
DA:38,0
DA:39,0
DA:41,0
DA:49,3
DA:50,0
DA:53,3
DA:54,3
DA:55,3
DA:56,3
DA:60,3
DA:62,3
DA:63,0
LF:23
LH:14
BRDA:33,0,0,0
BRDA:33,0,1,3
BRDA:60,1,0,3
BRDA:60,1,1,0
BRDA:62,2,0,0
BRDA:62,2,1,3
BRF:6
BRH:3
end_of_record
TN:
SF:src/config/db.js
FNF:0
FNH:0
DA:4,3
DA:9,3
DA:10,3
DA:14,0
LF:4
LH:3
BRDA:9,0,0,3
BRDA:9,0,1,0
BRF:2
BRH:1
end_of_record
TN:
SF:src/controllers/authController.js
FN:8,(anonymous_0)
FN:20,(anonymous_1)
FNF:2
FNH:2
FNDA:7,(anonymous_0)
FNDA:6,(anonymous_1)
DA:5,3
DA:8,3
DA:9,7
DA:10,7
DA:11,7
DA:12,7
DA:13,6
DA:15,1
DA:20,3
DA:21,6
DA:22,6
DA:23,6
DA:24,6
DA:26,5
DA:27,5
DA:29,4
DA:30,4
DA:32,0
LF:18
LH:17
BRDA:24,0,0,1
BRDA:24,0,1,5
BRDA:27,1,0,1
BRDA:27,1,1,4
BRF:4
BRH:4
end_of_record
TN:
SF:src/controllers/taskController.js
FN:6,(anonymous_0)
FN:8,(anonymous_1)
FN:18,(anonymous_2)
FN:28,(anonymous_3)
FN:39,(anonymous_4)
FN:49,(anonymous_5)
FN:58,(anonymous_6)
FN:76,(anonymous_7)
FNF:8
FNH:6
FNDA:7,(anonymous_0)
FNDA:0,(anonymous_1)
FNDA:1,(anonymous_2)
FNDA:1,(anonymous_3)
FNDA:3,(anonymous_4)
FNDA:0,(anonymous_5)
FNDA:4,(anonymous_6)
FNDA:2,(anonymous_7)
DA:6,3
DA:7,7
DA:8,7
DA:9,7
DA:10,7
DA:11,7
DA:13,0
DA:18,3
DA:19,1
DA:20,1
DA:21,1
DA:23,0
DA:28,3
DA:29,1
DA:30,1
DA:31,1
DA:32,0
DA:34,0
DA:39,3
DA:40,3
DA:41,3
DA:42,3
DA:45,2
DA:46,1
DA:49,1
DA:50,1
DA:51,1
DA:53,0
DA:58,3
DA:59,4
DA:60,4
DA:61,4
DA:64,3
DA:65,1
DA:68,2
DA:69,2
DA:71,0
DA:76,3
DA:77,2
DA:78,2
DA:80,2
DA:83,2
DA:86,2
DA:89,2
DA:92,2
DA:93,1
DA:96,2
DA:98,2
DA:106,2
DA:113,0
LF:50
LH:43
BRDA:8,0,0,7
BRDA:8,0,1,0
BRDA:31,1,0,1
BRDA:31,1,1,0
BRDA:42,2,0,1
BRDA:42,2,1,2
BRDA:45,3,0,1
BRDA:45,3,1,1
BRDA:45,4,0,2
BRDA:45,4,1,2
BRDA:49,5,0,1
BRDA:49,5,1,0
BRDA:61,6,0,1
BRDA:61,6,1,3
BRDA:64,7,0,1
BRDA:64,7,1,2
BRDA:64,8,0,3
BRDA:64,8,1,2
BRDA:78,9,0,1
BRDA:78,10,0,1
BRDA:78,11,0,0
BRDA:78,12,0,0
BRDA:83,13,0,2
BRDA:83,13,1,0
BRDA:86,14,0,0
BRDA:86,14,1,2
BRDA:89,15,0,0
BRDA:89,15,1,2
BRDA:92,16,0,1
BRDA:92,16,1,1
BRF:30
BRH:22
end_of_record
TN:
SF:src/controllers/usersController.js
FN:5,(anonymous_0)
FN:24,(anonymous_1)
FN:53,(anonymous_2)
FN:70,(anonymous_3)
FN:102,(anonymous_4)
FNF:5
FNH:0
FNDA:0,(anonymous_0)
FNDA:0,(anonymous_1)
FNDA:0,(anonymous_2)
FNDA:0,(anonymous_3)
FNDA:0,(anonymous_4)
DA:5,3
DA:6,0
DA:7,0
DA:8,0
DA:10,0
DA:11,0
DA:13,0
DA:14,0
DA:16,0
DA:17,0
DA:19,0
DA:24,3
DA:25,0
DA:26,0
DA:27,0
DA:28,0
DA:29,0
DA:31,0
DA:33,0
DA:41,0
DA:48,0
DA:53,3
DA:54,0
DA:55,0
DA:57,0
DA:58,0
DA:60,0
DA:61,0
DA:62,0
DA:64,0
DA:70,3
DA:71,0
DA:72,0
DA:73,0
DA:74,0
DA:76,0
DA:77,0
DA:79,0
DA:81,0
DA:82,0
DA:83,0
DA:86,0
DA:87,0
DA:88,0
DA:89,0
DA:90,0
DA:92,0
DA:93,0
DA:94,0
DA:95,0
DA:97,0
DA:102,3
DA:103,0
DA:104,0
DA:106,0
DA:107,0
DA:108,0
DA:110,0
DA:111,0
DA:113,0
LF:60
LH:5
BRDA:7,0,0,0
BRDA:8,1,0,0
BRDA:8,1,1,0
BRDA:8,2,0,0
BRDA:8,2,1,0
BRDA:8,2,2,0
BRDA:11,3,0,0
BRDA:11,3,1,0
BRDA:26,4,0,0
BRDA:26,5,0,0
BRDA:26,6,0,0
BRDA:26,7,0,0
BRDA:28,8,0,0
BRDA:28,8,1,0
BRDA:29,9,0,0
BRDA:29,9,1,0
BRDA:57,10,0,0
BRDA:57,10,1,0
BRDA:57,11,0,0
BRDA:57,11,1,0
BRDA:61,12,0,0
BRDA:61,12,1,0
BRDA:73,13,0,0
BRDA:73,13,1,0
BRDA:73,14,0,0
BRDA:73,14,1,0
BRDA:77,15,0,0
BRDA:77,15,1,0
BRDA:81,16,0,0
BRDA:81,16,1,0
BRDA:81,17,0,0
BRDA:81,17,1,0
BRDA:83,18,0,0
BRDA:83,18,1,0
BRDA:87,19,0,0
BRDA:87,19,1,0
BRDA:88,20,0,0
BRDA:88,20,1,0
BRDA:89,21,0,0
BRDA:89,21,1,0
BRDA:89,22,0,0
BRDA:89,22,1,0
BRDA:90,23,0,0
BRDA:90,23,1,0
BRDA:104,24,0,0
BRDA:104,24,1,0
BRDA:108,25,0,0
BRDA:108,25,1,0
BRF:48
BRH:0
end_of_record
TN:
SF:src/middlewares/auth.js
FN:4,(anonymous_0)
FN:19,(anonymous_1)
FNF:2
FNH:2
FNDA:20,(anonymous_0)
FNDA:2,(anonymous_1)
DA:2,4
DA:4,4
DA:5,20
DA:6,20
DA:8,18
DA:9,18
DA:10,18
DA:11,17
DA:12,17
DA:14,1
DA:19,4
DA:20,2
DA:21,1
LF:13
LH:13
BRDA:6,0,0,2
BRDA:6,0,1,18
BRDA:20,1,0,1
BRDA:20,1,1,1
BRF:4
BRH:4
end_of_record
TN:
SF:src/middlewares/upload.js
FN:6,(anonymous_0)
FN:9,(anonymous_1)
FN:14,(anonymous_2)
FNF:3
FNH:0
FNDA:0,(anonymous_0)
FNDA:0,(anonymous_1)
FNDA:0,(anonymous_2)
DA:5,3
DA:7,0
DA:10,0
DA:14,3
DA:15,0
DA:16,0
DA:17,0
DA:20,3
LF:8
LH:3
BRDA:16,0,0,0
BRDA:16,0,1,0
BRF:2
BRH:0
end_of_record
TN:
SF:src/models/Task.js
FNF:0
FNH:0
DA:4,3
LF:1
LH:1
BRF:0
BRH:0
end_of_record
TN:
SF:src/models/User.js
FNF:0
FNH:0
DA:4,3
LF:1
LH:1
BRF:0
BRH:0
end_of_record
TN:
SF:src/routes/authRoutes.js
FNF:0
FNH:0
DA:4,3
DA:6,3
DA:7,3
LF:3
LH:3
BRF:0
BRH:0
end_of_record
TN:
SF:src/routes/taskRoutes.js
FNF:0
FNH:0
DA:12,3
DA:14,3
DA:15,3
DA:16,3
DA:17,3
DA:18,3
LF:6
LH:6
BRF:0
BRH:0
end_of_record
TN:
SF:src/routes/usersRoutes.js
FNF:0
FNH:0
DA:11,3
DA:15,3
DA:16,3
DA:17,3
DA:18,3
DA:19,3
LF:6
LH:6
BRF:0
BRH:0
end_of_record
